<?xml version="1.0" encoding="UTF-8"?>
<testsuite name="com.prakashsejwani.TodoJavaSpringApplicationTests" tests="1" skipped="0" failures="0" errors="0" timestamp="2016-03-11T12:24:20" hostname="prakashMBP" time="0.002">
  <properties/>
  <testcase name="contextLoads" classname="com.prakashsejwani.TodoJavaSpringApplicationTests" time="0.002"/>
  <system-out><![CDATA[17:54:19.709 [Test worker] DEBUG o.s.t.c.j.SpringJUnit4ClassRunner - SpringJUnit4ClassRunner constructor called with [class com.prakashsejwani.TodoJavaSpringApplicationTests]
17:54:19.716 [Test worker] DEBUG o.s.test.context.BootstrapUtils - Instantiating CacheAwareContextLoaderDelegate from class [org.springframework.test.context.cache.DefaultCacheAwareContextLoaderDelegate]
17:54:19.721 [Test worker] DEBUG o.s.test.context.BootstrapUtils - Instantiating BootstrapContext using constructor [public org.springframework.test.context.support.DefaultBootstrapContext(java.lang.Class,org.springframework.test.context.CacheAwareContextLoaderDelegate)]
17:54:19.734 [Test worker] DEBUG o.s.test.context.BootstrapUtils - Instantiating TestContextBootstrapper for test class [com.prakashsejwani.TodoJavaSpringApplicationTests] from class [org.springframework.test.context.web.WebTestContextBootstrapper]
17:54:19.761 [Test worker] DEBUG o.s.t.c.w.WebTestContextBootstrapper - Found explicit ContextLoader class [org.springframework.boot.test.SpringApplicationContextLoader] for context configuration attributes [ContextConfigurationAttributes@6bb296bf declaringClass = 'com.prakashsejwani.TodoJavaSpringApplicationTests', classes = '{class com.prakashsejwani.TodoJavaSpringApplication}', locations = '{}', inheritLocations = true, initializers = '{}', inheritInitializers = true, name = [null], contextLoaderClass = 'org.springframework.boot.test.SpringApplicationContextLoader']
17:54:19.770 [Test worker] DEBUG o.s.t.c.s.AbstractContextLoader - Did not detect default resource location for test class [com.prakashsejwani.TodoJavaSpringApplicationTests]: class path resource [com/prakashsejwani/TodoJavaSpringApplicationTests-context.xml] does not exist
17:54:19.770 [Test worker] DEBUG o.s.t.c.s.AbstractContextLoader - Did not detect default resource location for test class [com.prakashsejwani.TodoJavaSpringApplicationTests]: class path resource [com/prakashsejwani/TodoJavaSpringApplicationTestsContext.groovy] does not exist
17:54:19.770 [Test worker] INFO  o.s.t.c.s.AbstractContextLoader - Could not detect default resource locations for test class [com.prakashsejwani.TodoJavaSpringApplicationTests]: no resource found for suffixes {-context.xml, Context.groovy}.
17:54:19.773 [Test worker] DEBUG o.s.t.c.support.ActiveProfilesUtils - Could not find an 'annotation declaring class' for annotation type [org.springframework.test.context.ActiveProfiles] and class [com.prakashsejwani.TodoJavaSpringApplicationTests]
17:54:19.778 [Test worker] DEBUG o.s.t.c.w.WebTestContextBootstrapper - @TestExecutionListeners is not present for class [com.prakashsejwani.TodoJavaSpringApplicationTests]: using defaults.
17:54:19.787 [Test worker] INFO  o.s.t.c.w.WebTestContextBootstrapper - Loaded default TestExecutionListener class names from location [META-INF/spring.factories]: [org.springframework.test.context.web.ServletTestExecutionListener, org.springframework.test.context.support.DirtiesContextBeforeModesTestExecutionListener, org.springframework.test.context.support.DependencyInjectionTestExecutionListener, org.springframework.test.context.support.DirtiesContextTestExecutionListener, org.springframework.test.context.transaction.TransactionalTestExecutionListener, org.springframework.test.context.jdbc.SqlScriptsTestExecutionListener]
17:54:19.852 [Test worker] INFO  o.s.t.c.w.WebTestContextBootstrapper - Could not instantiate TestExecutionListener [org.springframework.test.context.transaction.TransactionalTestExecutionListener]. Specify custom listener classes or make the default listener classes (and their required dependencies) available. Offending class: [org/springframework/transaction/interceptor/TransactionAttributeSource]
17:54:19.854 [Test worker] INFO  o.s.t.c.w.WebTestContextBootstrapper - Could not instantiate TestExecutionListener [org.springframework.test.context.jdbc.SqlScriptsTestExecutionListener]. Specify custom listener classes or make the default listener classes (and their required dependencies) available. Offending class: [org/springframework/transaction/interceptor/TransactionAttribute]
17:54:19.856 [Test worker] INFO  o.s.t.c.w.WebTestContextBootstrapper - Using TestExecutionListeners: [org.springframework.test.context.web.ServletTestExecutionListener@4bcc2b89, org.springframework.test.context.support.DirtiesContextBeforeModesTestExecutionListener@60bce2ac, org.springframework.test.context.support.DependencyInjectionTestExecutionListener@1f0b3fb9, org.springframework.test.context.support.DirtiesContextTestExecutionListener@5d181268]
17:54:19.863 [Test worker] DEBUG o.s.t.annotation.ProfileValueUtils - Retrieved @ProfileValueSourceConfiguration [null] for test class [com.prakashsejwani.TodoJavaSpringApplicationTests]
17:54:19.864 [Test worker] DEBUG o.s.t.annotation.ProfileValueUtils - Retrieved ProfileValueSource type [class org.springframework.test.annotation.SystemProfileValueSource] for class [com.prakashsejwani.TodoJavaSpringApplicationTests]
17:54:19.866 [Test worker] DEBUG o.s.t.annotation.ProfileValueUtils - Retrieved @ProfileValueSourceConfiguration [null] for test class [com.prakashsejwani.TodoJavaSpringApplicationTests]
17:54:19.867 [Test worker] DEBUG o.s.t.annotation.ProfileValueUtils - Retrieved ProfileValueSource type [class org.springframework.test.annotation.SystemProfileValueSource] for class [com.prakashsejwani.TodoJavaSpringApplicationTests]
17:54:19.874 [Test worker] DEBUG o.s.t.c.s.AbstractDirtiesContextTestExecutionListener - Before test class: context [DefaultTestContext@415a0908 testClass = TodoJavaSpringApplicationTests, testInstance = [null], testMethod = [null], testException = [null], mergedContextConfiguration = [WebMergedContextConfiguration@7853919e testClass = TodoJavaSpringApplicationTests, locations = '{}', classes = '{class com.prakashsejwani.TodoJavaSpringApplication}', contextInitializerClasses = '[]', activeProfiles = '{}', propertySourceLocations = '{}', propertySourceProperties = '{}', resourceBasePath = 'src/main/webapp', contextLoader = 'org.springframework.boot.test.SpringApplicationContextLoader', parent = [null]]], class annotated with @DirtiesContext [false] with mode [null].
17:54:19.878 [Test worker] DEBUG o.s.t.annotation.ProfileValueUtils - Retrieved @ProfileValueSourceConfiguration [null] for test class [com.prakashsejwani.TodoJavaSpringApplicationTests]
17:54:19.879 [Test worker] DEBUG o.s.t.annotation.ProfileValueUtils - Retrieved ProfileValueSource type [class org.springframework.test.annotation.SystemProfileValueSource] for class [com.prakashsejwani.TodoJavaSpringApplicationTests]
17:54:19.974 [Test worker] DEBUG o.s.core.env.StandardEnvironment - Adding [systemProperties] PropertySource with lowest search precedence
17:54:19.976 [Test worker] DEBUG o.s.core.env.StandardEnvironment - Adding [systemEnvironment] PropertySource with lowest search precedence
17:54:19.976 [Test worker] DEBUG o.s.core.env.StandardEnvironment - Initialized StandardEnvironment with PropertySources [systemProperties,systemEnvironment]
17:54:19.978 [Test worker] DEBUG o.s.core.env.StandardEnvironment - Adding [integrationTest] PropertySource with search precedence immediately lower than [systemEnvironment]

  .   ____          _            __ _ _
 /\\ / ___'_ __ _ _(_)_ __  __ _ \ \ \ \
( ( )\___ | '_ | '_| | '_ \/ _` | \ \ \ \
 \\/  ___)| |_)| | | | | || (_| |  ) ) ) )
  '  |____| .__|_| |_|_| |_\__, | / / / /
 =========|_|==============|___/=/_/_/_/
 :: Spring Boot ::        (v1.3.3.RELEASE)

2016-03-11 17:54:20.454  INFO 67442 --- [    Test worker] c.p.TodoJavaSpringApplicationTests       : Starting TodoJavaSpringApplicationTests on prakashMBP with PID 67442 (/Users/prakashsejwani/Work/todo-frameworks/todo_java_spring/build/classes/test started by prakashsejwani in /Users/prakashsejwani/Work/todo-frameworks/todo_java_spring)
2016-03-11 17:54:20.454  INFO 67442 --- [    Test worker] c.p.TodoJavaSpringApplicationTests       : No active profile set, falling back to default profiles: default
2016-03-11 17:54:20.528  INFO 67442 --- [    Test worker] o.s.w.c.s.GenericWebApplicationContext   : Refreshing org.springframework.web.context.support.GenericWebApplicationContext@31e31d58: startup date [Fri Mar 11 17:54:20 IST 2016]; root of context hierarchy
2016-03-11 17:54:20.978  INFO 67442 --- [    Test worker] c.p.TodoJavaSpringApplicationTests       : Started TodoJavaSpringApplicationTests in 0.988 seconds (JVM running for 2.405)
]]></system-out>
  <system-err><![CDATA[]]></system-err>
</testsuite>
